<?xml version="1.0" encoding="UTF-8"?>
<testng-results ignored="0" total="2" passed="2" failed="0" skipped="0">
  <reporter-output>
  </reporter-output>
  <suite started-at="2022-08-02T11:24:57 IST" name="Suite" finished-at="2022-08-02T11:24:57 IST" duration-ms="157">
    <groups>
    </groups>
    <test started-at="2022-08-02T11:24:57 IST" name="Test" finished-at="2022-08-02T11:24:57 IST" duration-ms="157">
      <class name="com.TestVargant.Test.TestForeignPlayerTest">
        <test-method is-config="true" signature="init()[pri:0, instance:com.TestVargant.Test.TestForeignPlayerTest@140c9f39]" started-at="2022-08-02T11:24:57 IST" name="init" finished-at="2022-08-02T11:24:57 IST" duration-ms="10" status="PASS">
          <reporter-output>
          </reporter-output>
        </test-method> <!-- init -->
        <test-method signature="ForeignPlayer()[pri:0, instance:com.TestVargant.Test.TestForeignPlayerTest@140c9f39]" started-at="2022-08-02T11:24:57 IST" name="ForeignPlayer" finished-at="2022-08-02T11:24:57 IST" duration-ms="51" status="PASS">
          <reporter-output>
          </reporter-output>
        </test-method> <!-- ForeignPlayer -->
      </class> <!-- com.TestVargant.Test.TestForeignPlayerTest -->
      <class name="com.TestVargant.Test.TestWicketKeeperPlayer">
        <test-method is-config="true" signature="init()[pri:0, instance:com.TestVargant.Test.TestWicketKeeperPlayer@550ee7e5]" started-at="2022-08-02T11:24:57 IST" name="init" finished-at="2022-08-02T11:24:57 IST" duration-ms="0" status="PASS">
          <reporter-output>
          </reporter-output>
        </test-method> <!-- init -->
        <test-method signature="WicketKeeper()[pri:0, instance:com.TestVargant.Test.TestWicketKeeperPlayer@550ee7e5]" started-at="2022-08-02T11:24:57 IST" name="WicketKeeper" finished-at="2022-08-02T11:24:57 IST" duration-ms="7" status="PASS">
          <reporter-output>
          </reporter-output>
        </test-method> <!-- WicketKeeper -->
      </class> <!-- com.TestVargant.Test.TestWicketKeeperPlayer -->
    </test> <!-- Test -->
  </suite> <!-- Suite -->
</testng-results>
